<?xml version="1.0" encoding="UTF-8"?>
<!-- Generated by org.testng.reporters.JUnitXMLReporter -->
<testsuite hostname="INC00752" ignored="0" name="Smoke Test Cases" tests="3" failures="0" timestamp="10 Jan 2018 06:36:45 GMT" time="0.858" errors="0">
  <testcase name="@BeforeTest setUp" time="0.175" classname="com.incture.proj.testNg.TestClass">
    <failure type="java.lang.IllegalStateException" message="The driver executable does not exist: C:\home\contintegration\santosh\chromedriver">
      <![CDATA[java.lang.IllegalStateException: The driver executable does not exist: C:\home\contintegration\santosh\chromedriver
	at com.google.common.base.Preconditions.checkState(Preconditions.java:199)
	at org.openqa.selenium.remote.service.DriverService.checkExecutable(DriverService.java:121)
	at org.openqa.selenium.remote.service.DriverService.findExecutable(DriverService.java:116)
	at org.openqa.selenium.chrome.ChromeDriverService.access$000(ChromeDriverService.java:32)
	at org.openqa.selenium.chrome.ChromeDriverService$Builder.findDefaultExecutable(ChromeDriverService.java:137)
	at org.openqa.selenium.remote.service.DriverService$Builder.build(DriverService.java:296)
	at org.openqa.selenium.chrome.ChromeDriverService.createDefaultService(ChromeDriverService.java:88)
	at org.openqa.selenium.chrome.ChromeDriver.<init>(ChromeDriver.java:120)
	at com.incture.utility.browser.MultipleBrowser.getBrowserDriver(MultipleBrowser.java:52)
	at com.incture.proj.testNg.TestClass.setUp(TestClass.java:18)
... Removed 23 stack frames]]>
    </failure>
  </testcase> <!-- @BeforeTest setUp -->
  <testcase name="@AfterTest CloseBrowser" time="0.0" classname="com.incture.proj.testNg.TestClass">
    <skipped/>
  </testcase> <!-- @AfterTest CloseBrowser -->
  <testcase name="TestHomePageHeadLine" time="0.0" classname="com.incture.proj.testNg.TestClass">
    <skipped/>
  </testcase> <!-- TestHomePageHeadLine -->
  <testcase name="TestHomePageButton" time="0.0" classname="com.incture.proj.testNg.TestClass">
    <skipped/>
  </testcase> <!-- TestHomePageButton -->
  <testcase name="TestRegisterPage" time="0.0" classname="com.incture.proj.testNg.TestClass">
    <skipped/>
  </testcase> <!-- TestRegisterPage -->
</testsuite> <!-- Smoke Test Cases -->
